0 verbose cli /var/lang/bin/node /var/lang/bin/npm
1 info using npm@10.8.2
2 info using node@v20.20.0
3 silly config load:file:/var/lang/lib/node_modules/npm/npmrc
4 silly config load:file:/tmp/agent_workspace/46e02748-3386-4ed7-a1ae-df465b9ccabf/aigen-1773616471828/.npmrc
5 silly config load:file:/tmp/.npmrc
6 silly config load:file:/var/lang/etc/npmrc
7 verbose title npm install playwright-chromium
8 verbose argv "install" "playwright-chromium"
9 verbose logfile logs-max:10 dir:/tmp/agent_workspace/46e02748-3386-4ed7-a1ae-df465b9ccabf/aigen-1773616471828/.npm_cache/_logs/2026-03-15T23_25_47_378Z-
10 verbose logfile /tmp/agent_workspace/46e02748-3386-4ed7-a1ae-df465b9ccabf/aigen-1773616471828/.npm_cache/_logs/2026-03-15T23_25_47_378Z-debug-0.log
11 silly packumentCache heap:2197815296 maxSize:549453824 maxEntrySize:274726912
12 silly logfile done cleaning log files
13 silly idealTree buildDeps
14 silly fetch manifest playwright-chromium@*
15 silly packumentCache full:https://registry.npmjs.org/playwright-chromium cache-miss
16 http fetch GET 200 https://registry.npmjs.org/playwright-chromium 450ms (cache miss)
17 silly packumentCache full:https://registry.npmjs.org/playwright-chromium set size:undefined disposed:false
18 silly placeDep ROOT playwright-chromium@1.58.2 OK for: aigen-1773616471828@1.0.0 want: *
19 silly reify moves {}
20 silly audit bulk request {
20 silly audit   '@zeit/schemas': [ '2.36.0' ],
20 silly audit   ajv: [ '8.18.0' ],
20 silly audit   'ansi-align': [ '3.0.1' ],
20 silly audit   'ansi-regex': [ '5.0.1', '6.2.2' ],
20 silly audit   'emoji-regex': [ '8.0.0', '9.2.2' ],
20 silly audit   'string-width': [ '4.2.3', '5.1.2' ],
20 silly audit   'strip-ansi': [ '6.0.1', '7.2.0' ],
20 silly audit   'ansi-styles': [ '6.2.3', '4.3.0' ],
20 silly audit   arch: [ '2.2.0' ],
20 silly audit   arg: [ '5.0.2' ],
20 silly audit   'balanced-match': [ '1.0.2' ],
20 silly audit   boxen: [ '7.0.0' ],
20 silly audit   'brace-expansion': [ '1.1.12' ],
20 silly audit   bytes: [ '3.1.2', '3.0.0' ],
20 silly audit   camelcase: [ '7.0.1' ],
20 silly audit   chalk: [ '5.0.1', '4.1.2' ],
20 silly audit   'chalk-template': [ '0.4.0' ],
20 silly audit   'cli-boxes': [ '3.0.0' ],
20 silly audit   clipboardy: [ '3.0.0' ],
20 silly audit   'color-convert': [ '2.0.1' ],
20 silly audit   'color-name': [ '1.1.4' ],
20 silly audit   compressible: [ '2.0.18' ],
20 silly audit   compression: [ '1.8.1' ],
20 silly audit   'concat-map': [ '0.0.1' ],
20 silly audit   'content-disposition': [ '0.5.2' ],
20 silly audit   'cross-spawn': [ '7.0.6' ],
20 silly audit   debug: [ '2.6.9' ],
20 silly audit   'deep-extend': [ '0.6.0' ],
20 silly audit   eastasianwidth: [ '0.2.0' ],
20 silly audit   execa: [ '5.1.1' ],
20 silly audit   'fast-deep-equal': [ '3.1.3' ],
20 silly audit   'fast-uri': [ '3.1.0' ],
20 silly audit   fsevents: [ '2.3.2' ],
20 silly audit   'get-stream': [ '6.0.1' ],
20 silly audit   'has-flag': [ '4.0.0' ],
20 silly audit   'human-signals': [ '2.1.0' ],
20 silly audit   ini: [ '1.3.8' ],
20 silly audit   'is-docker': [ '2.2.1' ],
20 silly audit   'is-fullwidth-code-point': [ '3.0.0' ],
20 silly audit   'is-port-reachable': [ '4.0.0' ],
20 silly audit   'is-stream': [ '2.0.1' ],
20 silly audit   'is-wsl': [ '2.2.0' ],
20 silly audit   isexe: [ '2.0.0' ],
20 silly audit   'json-schema-traverse': [ '1.0.0' ],
20 silly audit   'merge-stream': [ '2.0.0' ],
20 silly audit   'mime-db': [ '1.54.0', '1.33.0' ],
20 silly audit   'mime-types': [ '2.1.18' ],
20 silly audit   'mimic-fn': [ '2.1.0' ],
20 silly audit   minimatch: [ '3.1.5' ],
20 silly audit   minimist: [ '1.2.8' ],
20 silly audit   ms: [ '2.0.0' ],
20 silly audit   negotiator: [ '0.6.4' ],
20 silly audit   'npm-run-path': [ '4.0.1' ],
20 silly audit   'on-headers': [ '1.1.0' ],
20 silly audit   onetime: [ '5.1.2' ],
20 silly audit   'path-is-inside': [ '1.0.2' ],
20 silly audit   'path-key': [ '3.1.1' ],
20 silly audit   'path-to-regexp': [ '3.3.0' ],
20 silly audit   playwright: [ '1.58.2' ],
20 silly audit   'playwright-core': [ '1.58.2' ],
20 silly audit   'range-parser': [ '1.2.0' ],
20 silly audit   rc: [ '1.2.8' ],
20 silly audit   'registry-auth-token': [ '3.3.2' ],
20 silly audit   'registry-url': [ '3.1.0' ],
20 silly audit   'require-from-string': [ '2.0.2' ],
20 silly audit   'safe-buffer': [ '5.2.1' ],
20 silly audit   serve: [ '14.2.6' ],
20 silly audit   'serve-handler': [ '6.1.7' ],
20 silly audit   'shebang-command': [ '2.0.0' ],
20 silly audit   'shebang-regex': [ '3.0.0' ],
20 silly audit   'signal-exit': [ '3.0.7' ],
20 silly audit   'strip-final-newline': [ '2.0.0' ],
20 silly audit   'strip-json-comments': [ '2.0.1' ],
20 silly audit   'supports-color': [ '7.2.0' ],
20 silly audit   'type-fest': [ '2.19.0' ],
20 silly audit   'update-check': [ '1.5.4' ],
20 silly audit   vary: [ '1.1.2' ],
20 silly audit   which: [ '2.0.2' ],
20 silly audit   'widest-line': [ '4.0.1' ],
20 silly audit   'wrap-ansi': [ '8.1.0' ],
20 silly audit   'playwright-chromium': [ '1.58.2' ]
20 silly audit }
21 verbose reify failed optional dependency /tmp/agent_workspace/46e02748-3386-4ed7-a1ae-df465b9ccabf/aigen-1773616471828/node_modules/fsevents
22 silly reify mark deleted [
22 silly reify   '/tmp/agent_workspace/46e02748-3386-4ed7-a1ae-df465b9ccabf/aigen-1773616471828/node_modules/fsevents'
22 silly reify ]
23 silly tarball no local data for playwright-chromium@https://registry.npmjs.org/playwright-chromium/-/playwright-chromium-1.58.2.tgz. Extracting by manifest.
24 http fetch GET 200 https://registry.npmjs.org/playwright-chromium/-/playwright-chromium-1.58.2.tgz 57ms (cache miss)
25 info run playwright-chromium@1.58.2 install node_modules/playwright-chromium node install.js
26 http fetch POST 200 https://registry.npmjs.org/-/npm/v1/security/advisories/bulk 107ms
27 silly audit report {}
28 info run playwright-chromium@1.58.2 install { code: 0, signal: null }
29 silly ADD node_modules/playwright-chromium
30 silly ADD
31 verbose cwd /tmp/agent_workspace/46e02748-3386-4ed7-a1ae-df465b9ccabf/aigen-1773616471828
32 verbose os Linux 5.10.248-247.988.amzn2.x86_64
33 verbose node v20.20.0
34 verbose npm  v10.8.2
35 verbose exit 0
36 info ok
