0 verbose cli /var/lang/bin/node /var/lang/bin/npm
1 info using npm@10.8.2
2 info using node@v20.20.0
3 silly config load:file:/var/lang/lib/node_modules/npm/npmrc
4 silly config load:file:/tmp/agent_workspace/46e02748-3386-4ed7-a1ae-df465b9ccabf/aigen-1773616471828/.npmrc
5 silly config load:file:/tmp/.npmrc
6 silly config load:file:/var/lang/etc/npmrc
7 verbose title npm install playwright serve
8 verbose argv "install" "playwright" "serve"
9 verbose logfile logs-max:10 dir:/tmp/agent_workspace/46e02748-3386-4ed7-a1ae-df465b9ccabf/aigen-1773616471828/.npm_cache/_logs/2026-03-15T23_24_25_688Z-
10 verbose logfile /tmp/agent_workspace/46e02748-3386-4ed7-a1ae-df465b9ccabf/aigen-1773616471828/.npm_cache/_logs/2026-03-15T23_24_25_688Z-debug-0.log
11 silly packumentCache heap:2197815296 maxSize:549453824 maxEntrySize:274726912
12 silly logfile done cleaning log files
13 silly idealTree buildDeps
14 silly fetch manifest playwright@*
15 silly packumentCache full:https://registry.npmjs.org/playwright cache-miss
16 http fetch GET 200 https://registry.npmjs.org/playwright 407ms (cache miss)
17 silly packumentCache full:https://registry.npmjs.org/playwright set size:undefined disposed:false
18 silly fetch manifest serve@*
19 silly packumentCache full:https://registry.npmjs.org/serve cache-miss
20 http fetch GET 200 https://registry.npmjs.org/serve 42ms (cache miss)
21 silly packumentCache full:https://registry.npmjs.org/serve set size:undefined disposed:false
22 silly placeDep ROOT playwright@1.58.2 OK for: aigen-1773616471828@1.0.0 want: *
23 silly placeDep ROOT serve@14.2.6 OK for: aigen-1773616471828@1.0.0 want: *
24 silly fetch manifest playwright-core@1.58.2
25 silly packumentCache full:https://registry.npmjs.org/playwright-core cache-miss
26 http fetch GET 200 https://registry.npmjs.org/playwright-core 559ms (cache miss)
27 silly packumentCache full:https://registry.npmjs.org/playwright-core set size:undefined disposed:false
28 silly fetch manifest fsevents@2.3.2
29 silly packumentCache full:https://registry.npmjs.org/fsevents cache-miss
30 http fetch GET 200 https://registry.npmjs.org/fsevents 68ms (cache miss)
31 silly packumentCache full:https://registry.npmjs.org/fsevents set size:undefined disposed:false
32 silly fetch manifest @zeit/schemas@2.36.0
33 silly packumentCache full:https://registry.npmjs.org/@zeit%2fschemas cache-miss
34 http fetch GET 200 https://registry.npmjs.org/@zeit%2fschemas 68ms (cache miss)
35 silly packumentCache full:https://registry.npmjs.org/@zeit%2fschemas set size:undefined disposed:false
36 silly fetch manifest ajv@8.18.0
37 silly packumentCache full:https://registry.npmjs.org/ajv cache-miss
38 http fetch GET 200 https://registry.npmjs.org/ajv 63ms (cache miss)
39 silly packumentCache full:https://registry.npmjs.org/ajv set size:undefined disposed:false
40 silly fetch manifest arg@5.0.2
41 silly packumentCache full:https://registry.npmjs.org/arg cache-miss
42 http fetch GET 200 https://registry.npmjs.org/arg 36ms (cache miss)
43 silly packumentCache full:https://registry.npmjs.org/arg set size:undefined disposed:false
44 silly fetch manifest boxen@7.0.0
45 silly packumentCache full:https://registry.npmjs.org/boxen cache-miss
46 http fetch GET 200 https://registry.npmjs.org/boxen 65ms (cache miss)
47 silly packumentCache full:https://registry.npmjs.org/boxen set size:undefined disposed:false
48 silly fetch manifest chalk@5.0.1
49 silly packumentCache full:https://registry.npmjs.org/chalk cache-miss
50 http fetch GET 200 https://registry.npmjs.org/chalk 36ms (cache miss)
51 silly packumentCache full:https://registry.npmjs.org/chalk set size:undefined disposed:false
52 silly fetch manifest chalk-template@0.4.0
53 silly packumentCache full:https://registry.npmjs.org/chalk-template cache-miss
54 http fetch GET 200 https://registry.npmjs.org/chalk-template 44ms (cache miss)
55 silly packumentCache full:https://registry.npmjs.org/chalk-template set size:undefined disposed:false
56 silly fetch manifest clipboardy@3.0.0
57 silly packumentCache full:https://registry.npmjs.org/clipboardy cache-miss
58 http fetch GET 200 https://registry.npmjs.org/clipboardy 46ms (cache miss)
59 silly packumentCache full:https://registry.npmjs.org/clipboardy set size:undefined disposed:false
60 silly fetch manifest compression@1.8.1
61 silly packumentCache full:https://registry.npmjs.org/compression cache-miss
62 http fetch GET 200 https://registry.npmjs.org/compression 42ms (cache miss)
63 silly packumentCache full:https://registry.npmjs.org/compression set size:undefined disposed:false
64 silly fetch manifest is-port-reachable@4.0.0
65 silly packumentCache full:https://registry.npmjs.org/is-port-reachable cache-miss
66 http fetch GET 200 https://registry.npmjs.org/is-port-reachable 32ms (cache miss)
67 silly packumentCache full:https://registry.npmjs.org/is-port-reachable set size:undefined disposed:false
68 silly fetch manifest serve-handler@6.1.7
69 silly packumentCache full:https://registry.npmjs.org/serve-handler cache-miss
70 http fetch GET 200 https://registry.npmjs.org/serve-handler 36ms (cache miss)
71 silly packumentCache full:https://registry.npmjs.org/serve-handler set size:undefined disposed:false
72 silly fetch manifest update-check@1.5.4
73 silly packumentCache full:https://registry.npmjs.org/update-check cache-miss
74 http fetch GET 200 https://registry.npmjs.org/update-check 33ms (cache miss)
75 silly packumentCache full:https://registry.npmjs.org/update-check set size:undefined disposed:false
76 silly placeDep ROOT fsevents@2.3.2 OK for: playwright@1.58.2 want: 2.3.2
77 silly placeDep ROOT playwright-core@1.58.2 OK for: playwright@1.58.2 want: 1.58.2
78 silly placeDep ROOT @zeit/schemas@2.36.0 OK for: serve@14.2.6 want: 2.36.0
79 silly placeDep ROOT ajv@8.18.0 OK for: serve@14.2.6 want: 8.18.0
80 silly placeDep ROOT arg@5.0.2 OK for: serve@14.2.6 want: 5.0.2
81 silly placeDep ROOT boxen@7.0.0 OK for: serve@14.2.6 want: 7.0.0
82 silly placeDep ROOT chalk@5.0.1 OK for: serve@14.2.6 want: 5.0.1
83 silly placeDep ROOT chalk-template@0.4.0 OK for: serve@14.2.6 want: 0.4.0
84 silly placeDep ROOT clipboardy@3.0.0 OK for: serve@14.2.6 want: 3.0.0
85 silly placeDep ROOT compression@1.8.1 OK for: serve@14.2.6 want: 1.8.1
86 silly placeDep ROOT is-port-reachable@4.0.0 OK for: serve@14.2.6 want: 4.0.0
87 silly placeDep ROOT serve-handler@6.1.7 OK for: serve@14.2.6 want: 6.1.7
88 silly placeDep ROOT update-check@1.5.4 OK for: serve@14.2.6 want: 1.5.4
89 silly fetch manifest fast-uri@^3.0.1
90 silly packumentCache full:https://registry.npmjs.org/fast-uri cache-miss
91 http fetch GET 200 https://registry.npmjs.org/fast-uri 70ms (cache miss)
92 silly packumentCache full:https://registry.npmjs.org/fast-uri set size:undefined disposed:false
93 silly fetch manifest fast-deep-equal@^3.1.3
94 silly packumentCache full:https://registry.npmjs.org/fast-deep-equal cache-miss
95 http fetch GET 200 https://registry.npmjs.org/fast-deep-equal 47ms (cache miss)
96 silly packumentCache full:https://registry.npmjs.org/fast-deep-equal set size:undefined disposed:false
97 silly fetch manifest require-from-string@^2.0.2
98 silly packumentCache full:https://registry.npmjs.org/require-from-string cache-miss
99 http fetch GET 200 https://registry.npmjs.org/require-from-string 38ms (cache miss)
100 silly packumentCache full:https://registry.npmjs.org/require-from-string set size:undefined disposed:false
101 silly fetch manifest json-schema-traverse@^1.0.0
102 silly packumentCache full:https://registry.npmjs.org/json-schema-traverse cache-miss
103 http fetch GET 200 https://registry.npmjs.org/json-schema-traverse 56ms (cache miss)
104 silly packumentCache full:https://registry.npmjs.org/json-schema-traverse set size:undefined disposed:false
105 silly fetch manifest chalk@^5.0.1
106 silly packumentCache full:https://registry.npmjs.org/chalk cache-miss
107 http fetch GET 200 https://registry.npmjs.org/chalk 8ms (cache hit)
108 silly packumentCache full:https://registry.npmjs.org/chalk set size:117861 disposed:false
109 silly fetch manifest camelcase@^7.0.0
110 silly packumentCache full:https://registry.npmjs.org/camelcase cache-miss
111 http fetch GET 200 https://registry.npmjs.org/camelcase 52ms (cache miss)
112 silly packumentCache full:https://registry.npmjs.org/camelcase set size:undefined disposed:false
113 silly fetch manifest cli-boxes@^3.0.0
114 silly packumentCache full:https://registry.npmjs.org/cli-boxes cache-miss
115 http fetch GET 200 https://registry.npmjs.org/cli-boxes 60ms (cache miss)
116 silly packumentCache full:https://registry.npmjs.org/cli-boxes set size:undefined disposed:false
117 silly fetch manifest type-fest@^2.13.0
118 silly packumentCache full:https://registry.npmjs.org/type-fest cache-miss
119 http fetch GET 200 https://registry.npmjs.org/type-fest 66ms (cache miss)
120 silly packumentCache full:https://registry.npmjs.org/type-fest set size:undefined disposed:false
121 silly fetch manifest wrap-ansi@^8.0.1
122 silly packumentCache full:https://registry.npmjs.org/wrap-ansi cache-miss
123 http fetch GET 200 https://registry.npmjs.org/wrap-ansi 35ms (cache miss)
124 silly packumentCache full:https://registry.npmjs.org/wrap-ansi set size:undefined disposed:false
125 silly fetch manifest ansi-align@^3.0.1
126 silly packumentCache full:https://registry.npmjs.org/ansi-align cache-miss
127 http fetch GET 200 https://registry.npmjs.org/ansi-align 51ms (cache miss)
128 silly packumentCache full:https://registry.npmjs.org/ansi-align set size:undefined disposed:false
129 silly fetch manifest widest-line@^4.0.1
130 silly packumentCache full:https://registry.npmjs.org/widest-line cache-miss
131 http fetch GET 200 https://registry.npmjs.org/widest-line 31ms (cache miss)
132 silly packumentCache full:https://registry.npmjs.org/widest-line set size:undefined disposed:false
133 silly fetch manifest string-width@^5.1.2
134 silly packumentCache full:https://registry.npmjs.org/string-width cache-miss
135 http fetch GET 200 https://registry.npmjs.org/string-width 42ms (cache miss)
136 silly packumentCache full:https://registry.npmjs.org/string-width set size:undefined disposed:false
137 silly fetch manifest chalk@^4.1.2
138 silly packumentCache full:https://registry.npmjs.org/chalk cache-hit
139 silly fetch manifest arch@^2.2.0
140 silly packumentCache full:https://registry.npmjs.org/arch cache-miss
141 http fetch GET 200 https://registry.npmjs.org/arch 37ms (cache miss)
142 silly packumentCache full:https://registry.npmjs.org/arch set size:undefined disposed:false
143 silly fetch manifest execa@^5.1.1
144 silly packumentCache full:https://registry.npmjs.org/execa cache-miss
145 http fetch GET 200 https://registry.npmjs.org/execa 31ms (cache miss)
146 silly packumentCache full:https://registry.npmjs.org/execa set size:undefined disposed:false
147 silly fetch manifest is-wsl@^2.2.0
148 silly packumentCache full:https://registry.npmjs.org/is-wsl cache-miss
149 http fetch GET 200 https://registry.npmjs.org/is-wsl 49ms (cache miss)
150 silly packumentCache full:https://registry.npmjs.org/is-wsl set size:undefined disposed:false
151 silly fetch manifest bytes@3.1.2
152 silly packumentCache full:https://registry.npmjs.org/bytes cache-miss
153 http fetch GET 200 https://registry.npmjs.org/bytes 34ms (cache miss)
154 silly packumentCache full:https://registry.npmjs.org/bytes set size:undefined disposed:false
155 silly fetch manifest compressible@~2.0.18
156 silly packumentCache full:https://registry.npmjs.org/compressible cache-miss
157 http fetch GET 200 https://registry.npmjs.org/compressible 43ms (cache miss)
158 silly packumentCache full:https://registry.npmjs.org/compressible set size:undefined disposed:false
159 silly fetch manifest debug@2.6.9
160 silly packumentCache full:https://registry.npmjs.org/debug cache-miss
161 http fetch GET 200 https://registry.npmjs.org/debug 37ms (cache miss)
162 silly packumentCache full:https://registry.npmjs.org/debug set size:undefined disposed:false
163 silly fetch manifest negotiator@~0.6.4
164 silly packumentCache full:https://registry.npmjs.org/negotiator cache-miss
165 http fetch GET 200 https://registry.npmjs.org/negotiator 60ms (cache miss)
166 silly packumentCache full:https://registry.npmjs.org/negotiator set size:undefined disposed:false
167 silly fetch manifest on-headers@~1.1.0
168 silly packumentCache full:https://registry.npmjs.org/on-headers cache-miss
169 http fetch GET 200 https://registry.npmjs.org/on-headers 49ms (cache miss)
170 silly packumentCache full:https://registry.npmjs.org/on-headers set size:undefined disposed:false
171 silly fetch manifest safe-buffer@5.2.1
172 silly packumentCache full:https://registry.npmjs.org/safe-buffer cache-miss
173 http fetch GET 200 https://registry.npmjs.org/safe-buffer 44ms (cache miss)
174 silly packumentCache full:https://registry.npmjs.org/safe-buffer set size:undefined disposed:false
175 silly fetch manifest vary@~1.1.2
176 silly packumentCache full:https://registry.npmjs.org/vary cache-miss
177 http fetch GET 200 https://registry.npmjs.org/vary 35ms (cache miss)
178 silly packumentCache full:https://registry.npmjs.org/vary set size:undefined disposed:false
179 silly fetch manifest bytes@3.0.0
180 silly packumentCache full:https://registry.npmjs.org/bytes cache-miss
181 http fetch GET 200 https://registry.npmjs.org/bytes 3ms (cache hit)
182 silly packumentCache full:https://registry.npmjs.org/bytes set size:37018 disposed:false
183 silly fetch manifest content-disposition@0.5.2
184 silly packumentCache full:https://registry.npmjs.org/content-disposition cache-miss
185 http fetch GET 200 https://registry.npmjs.org/content-disposition 36ms (cache miss)
186 silly packumentCache full:https://registry.npmjs.org/content-disposition set size:undefined disposed:false
187 silly fetch manifest mime-types@2.1.18
188 silly packumentCache full:https://registry.npmjs.org/mime-types cache-miss
189 http fetch GET 200 https://registry.npmjs.org/mime-types 30ms (cache miss)
190 silly packumentCache full:https://registry.npmjs.org/mime-types set size:undefined disposed:false
191 silly fetch manifest minimatch@3.1.5
192 silly packumentCache full:https://registry.npmjs.org/minimatch cache-miss
193 http fetch GET 200 https://registry.npmjs.org/minimatch 46ms (cache miss)
194 silly packumentCache full:https://registry.npmjs.org/minimatch set size:undefined disposed:false
195 silly fetch manifest path-is-inside@1.0.2
196 silly packumentCache full:https://registry.npmjs.org/path-is-inside cache-miss
197 http fetch GET 200 https://registry.npmjs.org/path-is-inside 42ms (cache miss)
198 silly packumentCache full:https://registry.npmjs.org/path-is-inside set size:undefined disposed:false
199 silly fetch manifest path-to-regexp@3.3.0
200 silly packumentCache full:https://registry.npmjs.org/path-to-regexp cache-miss
201 http fetch GET 200 https://registry.npmjs.org/path-to-regexp 48ms (cache miss)
202 silly packumentCache full:https://registry.npmjs.org/path-to-regexp set size:undefined disposed:false
203 silly fetch manifest range-parser@1.2.0
204 silly packumentCache full:https://registry.npmjs.org/range-parser cache-miss
205 http fetch GET 200 https://registry.npmjs.org/range-parser 47ms (cache miss)
206 silly packumentCache full:https://registry.npmjs.org/range-parser set size:undefined disposed:false
207 silly fetch manifest registry-auth-token@3.3.2
208 silly packumentCache full:https://registry.npmjs.org/registry-auth-token cache-miss
209 http fetch GET 200 https://registry.npmjs.org/registry-auth-token 37ms (cache miss)
210 silly packumentCache full:https://registry.npmjs.org/registry-auth-token set size:undefined disposed:false
211 silly fetch manifest registry-url@3.1.0
212 silly packumentCache full:https://registry.npmjs.org/registry-url cache-miss
213 http fetch GET 200 https://registry.npmjs.org/registry-url 29ms (cache miss)
214 silly packumentCache full:https://registry.npmjs.org/registry-url set size:undefined disposed:false
215 silly placeDep ROOT fast-deep-equal@3.1.3 OK for: ajv@8.18.0 want: ^3.1.3
216 silly placeDep ROOT fast-uri@3.1.0 OK for: ajv@8.18.0 want: ^3.0.1
217 silly placeDep ROOT json-schema-traverse@1.0.0 OK for: ajv@8.18.0 want: ^1.0.0
218 silly placeDep ROOT require-from-string@2.0.2 OK for: ajv@8.18.0 want: ^2.0.2
219 silly placeDep ROOT ansi-align@3.0.1 OK for: boxen@7.0.0 want: ^3.0.1
220 silly placeDep ROOT camelcase@7.0.1 OK for: boxen@7.0.0 want: ^7.0.0
221 silly placeDep ROOT cli-boxes@3.0.0 OK for: boxen@7.0.0 want: ^3.0.0
222 silly placeDep ROOT string-width@5.1.2 OK for: boxen@7.0.0 want: ^5.1.2
223 silly placeDep ROOT type-fest@2.19.0 OK for: boxen@7.0.0 want: ^2.13.0
224 silly placeDep ROOT widest-line@4.0.1 OK for: boxen@7.0.0 want: ^4.0.1
225 silly placeDep ROOT wrap-ansi@8.1.0 OK for: boxen@7.0.0 want: ^8.0.1
226 silly fetch manifest string-width@^4.1.0
227 silly packumentCache full:https://registry.npmjs.org/string-width cache-miss
228 http fetch GET 200 https://registry.npmjs.org/string-width 4ms (cache hit)
229 silly packumentCache full:https://registry.npmjs.org/string-width set size:68305 disposed:false
230 silly fetch manifest strip-ansi@^7.0.1
231 silly packumentCache full:https://registry.npmjs.org/strip-ansi cache-miss
232 http fetch GET 200 https://registry.npmjs.org/strip-ansi 90ms (cache miss)
233 silly packumentCache full:https://registry.npmjs.org/strip-ansi set size:undefined disposed:false
234 silly fetch manifest emoji-regex@^9.2.2
235 silly packumentCache full:https://registry.npmjs.org/emoji-regex cache-miss
236 http fetch GET 200 https://registry.npmjs.org/emoji-regex 38ms (cache miss)
237 silly packumentCache full:https://registry.npmjs.org/emoji-regex set size:undefined disposed:false
238 silly fetch manifest eastasianwidth@^0.2.0
239 silly packumentCache full:https://registry.npmjs.org/eastasianwidth cache-miss
240 http fetch GET 200 https://registry.npmjs.org/eastasianwidth 35ms (cache miss)
241 silly packumentCache full:https://registry.npmjs.org/eastasianwidth set size:undefined disposed:false
242 silly fetch manifest ansi-styles@^6.1.0
243 silly packumentCache full:https://registry.npmjs.org/ansi-styles cache-miss
244 http fetch GET 200 https://registry.npmjs.org/ansi-styles 43ms (cache miss)
245 silly packumentCache full:https://registry.npmjs.org/ansi-styles set size:undefined disposed:false
246 silly placeDep node_modules/ansi-align string-width@4.2.3 OK for: ansi-align@3.0.1 want: ^4.1.0
247 silly fetch manifest strip-ansi@^6.0.1
248 silly packumentCache full:https://registry.npmjs.org/strip-ansi cache-miss
249 http fetch GET 200 https://registry.npmjs.org/strip-ansi 7ms (cache hit)
250 silly packumentCache full:https://registry.npmjs.org/strip-ansi set size:44998 disposed:false
251 silly fetch manifest emoji-regex@^8.0.0
252 silly packumentCache full:https://registry.npmjs.org/emoji-regex cache-miss
253 http fetch GET 200 https://registry.npmjs.org/emoji-regex 3ms (cache hit)
254 silly packumentCache full:https://registry.npmjs.org/emoji-regex set size:89088 disposed:false
255 silly fetch manifest is-fullwidth-code-point@^3.0.0
256 silly packumentCache full:https://registry.npmjs.org/is-fullwidth-code-point cache-miss
257 http fetch GET 200 https://registry.npmjs.org/is-fullwidth-code-point 36ms (cache miss)
258 silly packumentCache full:https://registry.npmjs.org/is-fullwidth-code-point set size:undefined disposed:false
259 silly placeDep node_modules/chalk-template chalk@4.1.2 OK for: chalk-template@0.4.0 want: ^4.1.2
260 silly fetch manifest ansi-styles@^4.1.0
261 silly packumentCache full:https://registry.npmjs.org/ansi-styles cache-miss
262 http fetch GET 200 https://registry.npmjs.org/ansi-styles 3ms (cache hit)
263 silly packumentCache full:https://registry.npmjs.org/ansi-styles set size:63233 disposed:false
264 silly fetch manifest supports-color@^7.1.0
265 silly packumentCache full:https://registry.npmjs.org/supports-color cache-miss
266 http fetch GET 200 https://registry.npmjs.org/supports-color 47ms (cache miss)
267 silly packumentCache full:https://registry.npmjs.org/supports-color set size:undefined disposed:false
268 silly placeDep ROOT arch@2.2.0 OK for: clipboardy@3.0.0 want: ^2.2.0
269 silly placeDep ROOT execa@5.1.1 OK for: clipboardy@3.0.0 want: ^5.1.1
270 silly placeDep ROOT is-wsl@2.2.0 OK for: clipboardy@3.0.0 want: ^2.2.0
271 silly fetch manifest onetime@^5.1.2
272 silly packumentCache full:https://registry.npmjs.org/onetime cache-miss
273 http fetch GET 200 https://registry.npmjs.org/onetime 76ms (cache miss)
274 silly packumentCache full:https://registry.npmjs.org/onetime set size:undefined disposed:false
275 silly fetch manifest is-stream@^2.0.0
276 silly packumentCache full:https://registry.npmjs.org/is-stream cache-miss
277 http fetch GET 200 https://registry.npmjs.org/is-stream 36ms (cache miss)
278 silly packumentCache full:https://registry.npmjs.org/is-stream set size:undefined disposed:false
279 silly fetch manifest get-stream@^6.0.0
280 silly packumentCache full:https://registry.npmjs.org/get-stream cache-miss
281 http fetch GET 200 https://registry.npmjs.org/get-stream 88ms (cache miss)
282 silly packumentCache full:https://registry.npmjs.org/get-stream set size:undefined disposed:false
283 silly fetch manifest cross-spawn@^7.0.3
284 silly packumentCache full:https://registry.npmjs.org/cross-spawn cache-miss
285 http fetch GET 200 https://registry.npmjs.org/cross-spawn 42ms (cache miss)
286 silly packumentCache full:https://registry.npmjs.org/cross-spawn set size:undefined disposed:false
287 silly fetch manifest signal-exit@^3.0.3
288 silly packumentCache full:https://registry.npmjs.org/signal-exit cache-miss
289 http fetch GET 200 https://registry.npmjs.org/signal-exit 38ms (cache miss)
290 silly packumentCache full:https://registry.npmjs.org/signal-exit set size:undefined disposed:false
291 silly fetch manifest merge-stream@^2.0.0
292 silly packumentCache full:https://registry.npmjs.org/merge-stream cache-miss
293 http fetch GET 200 https://registry.npmjs.org/merge-stream 42ms (cache miss)
294 silly packumentCache full:https://registry.npmjs.org/merge-stream set size:undefined disposed:false
295 silly fetch manifest npm-run-path@^4.0.1
296 silly packumentCache full:https://registry.npmjs.org/npm-run-path cache-miss
297 http fetch GET 200 https://registry.npmjs.org/npm-run-path 46ms (cache miss)
298 silly packumentCache full:https://registry.npmjs.org/npm-run-path set size:undefined disposed:false
299 silly fetch manifest human-signals@^2.1.0
300 silly packumentCache full:https://registry.npmjs.org/human-signals cache-miss
301 http fetch GET 200 https://registry.npmjs.org/human-signals 42ms (cache miss)
302 silly packumentCache full:https://registry.npmjs.org/human-signals set size:undefined disposed:false
303 silly fetch manifest strip-final-newline@^2.0.0
304 silly packumentCache full:https://registry.npmjs.org/strip-final-newline cache-miss
305 http fetch GET 200 https://registry.npmjs.org/strip-final-newline 36ms (cache miss)
306 silly packumentCache full:https://registry.npmjs.org/strip-final-newline set size:undefined disposed:false
307 silly fetch manifest is-docker@^2.0.0
308 silly packumentCache full:https://registry.npmjs.org/is-docker cache-miss
309 http fetch GET 200 https://registry.npmjs.org/is-docker 36ms (cache miss)
310 silly packumentCache full:https://registry.npmjs.org/is-docker set size:undefined disposed:false
311 silly placeDep ROOT bytes@3.1.2 OK for: compression@1.8.1 want: 3.1.2
312 silly placeDep ROOT compressible@2.0.18 OK for: compression@1.8.1 want: ~2.0.18
313 silly placeDep ROOT debug@2.6.9 OK for: compression@1.8.1 want: 2.6.9
314 silly placeDep ROOT negotiator@0.6.4 OK for: compression@1.8.1 want: ~0.6.4
315 silly placeDep ROOT on-headers@1.1.0 OK for: compression@1.8.1 want: ~1.1.0
316 silly placeDep ROOT safe-buffer@5.2.1 OK for: compression@1.8.1 want: 5.2.1
317 silly placeDep ROOT vary@1.1.2 OK for: compression@1.8.1 want: ~1.1.2
318 silly fetch manifest mime-db@>= 1.43.0 < 2
319 silly packumentCache full:https://registry.npmjs.org/mime-db cache-miss
320 http fetch GET 200 https://registry.npmjs.org/mime-db 34ms (cache miss)
321 silly packumentCache full:https://registry.npmjs.org/mime-db set size:undefined disposed:false
322 silly fetch manifest ms@2.0.0
323 silly packumentCache full:https://registry.npmjs.org/ms cache-miss
324 http fetch GET 200 https://registry.npmjs.org/ms 35ms (cache miss)
325 silly packumentCache full:https://registry.npmjs.org/ms set size:undefined disposed:false
326 silly placeDep ROOT mime-db@1.54.0 OK for: compressible@2.0.18 want: >= 1.43.0 < 2
327 silly placeDep ROOT ms@2.0.0 OK for: debug@2.6.9 want: 2.0.0
328 silly placeDep ROOT cross-spawn@7.0.6 OK for: execa@5.1.1 want: ^7.0.3
329 silly placeDep ROOT get-stream@6.0.1 OK for: execa@5.1.1 want: ^6.0.0
330 silly placeDep ROOT human-signals@2.1.0 OK for: execa@5.1.1 want: ^2.1.0
331 silly placeDep ROOT is-stream@2.0.1 OK for: execa@5.1.1 want: ^2.0.0
332 silly placeDep ROOT merge-stream@2.0.0 OK for: execa@5.1.1 want: ^2.0.0
333 silly placeDep ROOT npm-run-path@4.0.1 OK for: execa@5.1.1 want: ^4.0.1
334 silly placeDep ROOT onetime@5.1.2 OK for: execa@5.1.1 want: ^5.1.2
335 silly placeDep ROOT signal-exit@3.0.7 OK for: execa@5.1.1 want: ^3.0.3
336 silly placeDep ROOT strip-final-newline@2.0.0 OK for: execa@5.1.1 want: ^2.0.0
337 silly fetch manifest which@^2.0.1
338 silly packumentCache full:https://registry.npmjs.org/which cache-miss
339 http fetch GET 200 https://registry.npmjs.org/which 38ms (cache miss)
340 silly packumentCache full:https://registry.npmjs.org/which set size:undefined disposed:false
341 silly fetch manifest path-key@^3.1.0
342 silly packumentCache full:https://registry.npmjs.org/path-key cache-miss
343 http fetch GET 200 https://registry.npmjs.org/path-key 43ms (cache miss)
344 silly packumentCache full:https://registry.npmjs.org/path-key set size:undefined disposed:false
345 silly fetch manifest shebang-command@^2.0.0
346 silly packumentCache full:https://registry.npmjs.org/shebang-command cache-miss
347 http fetch GET 200 https://registry.npmjs.org/shebang-command 36ms (cache miss)
348 silly packumentCache full:https://registry.npmjs.org/shebang-command set size:undefined disposed:false
349 silly fetch manifest path-key@^3.0.0
350 silly packumentCache full:https://registry.npmjs.org/path-key cache-miss
351 http fetch GET 200 https://registry.npmjs.org/path-key 3ms (cache hit)
352 silly packumentCache full:https://registry.npmjs.org/path-key set size:16975 disposed:false
353 silly fetch manifest mimic-fn@^2.1.0
354 silly packumentCache full:https://registry.npmjs.org/mimic-fn cache-miss
355 http fetch GET 200 https://registry.npmjs.org/mimic-fn 44ms (cache miss)
356 silly packumentCache full:https://registry.npmjs.org/mimic-fn set size:undefined disposed:false
357 silly placeDep ROOT path-key@3.1.1 OK for: cross-spawn@7.0.6 want: ^3.1.0
358 silly placeDep ROOT shebang-command@2.0.0 OK for: cross-spawn@7.0.6 want: ^2.0.0
359 silly placeDep ROOT which@2.0.2 OK for: cross-spawn@7.0.6 want: ^2.0.1
360 silly fetch manifest shebang-regex@^3.0.0
361 silly packumentCache full:https://registry.npmjs.org/shebang-regex cache-miss
362 http fetch GET 200 https://registry.npmjs.org/shebang-regex 36ms (cache miss)
363 silly packumentCache full:https://registry.npmjs.org/shebang-regex set size:undefined disposed:false
364 silly fetch manifest isexe@^2.0.0
365 silly packumentCache full:https://registry.npmjs.org/isexe cache-miss
366 http fetch GET 200 https://registry.npmjs.org/isexe 34ms (cache miss)
367 silly packumentCache full:https://registry.npmjs.org/isexe set size:undefined disposed:false
368 silly placeDep ROOT is-docker@2.2.1 OK for: is-wsl@2.2.0 want: ^2.0.0
369 silly placeDep ROOT mimic-fn@2.1.0 OK for: onetime@5.1.2 want: ^2.1.0
370 silly placeDep node_modules/serve-handler bytes@3.0.0 OK for: serve-handler@6.1.7 want: 3.0.0
371 silly placeDep ROOT content-disposition@0.5.2 OK for: serve-handler@6.1.7 want: 0.5.2
372 silly placeDep ROOT mime-types@2.1.18 OK for: serve-handler@6.1.7 want: 2.1.18
373 silly placeDep ROOT minimatch@3.1.5 OK for: serve-handler@6.1.7 want: 3.1.5
374 silly placeDep ROOT path-is-inside@1.0.2 OK for: serve-handler@6.1.7 want: 1.0.2
375 silly placeDep ROOT path-to-regexp@3.3.0 OK for: serve-handler@6.1.7 want: 3.3.0
376 silly placeDep ROOT range-parser@1.2.0 OK for: serve-handler@6.1.7 want: 1.2.0
377 silly fetch manifest mime-db@~1.33.0
378 silly packumentCache full:https://registry.npmjs.org/mime-db cache-miss
379 http fetch GET 200 https://registry.npmjs.org/mime-db 4ms (cache hit)
380 silly packumentCache full:https://registry.npmjs.org/mime-db set size:164953 disposed:false
381 silly fetch manifest brace-expansion@^1.1.7
382 silly packumentCache full:https://registry.npmjs.org/brace-expansion cache-miss
383 http fetch GET 200 https://registry.npmjs.org/brace-expansion 36ms (cache miss)
384 silly packumentCache full:https://registry.npmjs.org/brace-expansion set size:undefined disposed:false
385 silly placeDep node_modules/mime-types mime-db@1.33.0 OK for: mime-types@2.1.18 want: ~1.33.0
386 silly placeDep ROOT brace-expansion@1.1.12 OK for: minimatch@3.1.5 want: ^1.1.7
387 silly fetch manifest concat-map@0.0.1
388 silly packumentCache full:https://registry.npmjs.org/concat-map cache-miss
389 http fetch GET 200 https://registry.npmjs.org/concat-map 26ms (cache miss)
390 silly packumentCache full:https://registry.npmjs.org/concat-map set size:undefined disposed:false
391 silly fetch manifest balanced-match@^1.0.0
392 silly packumentCache full:https://registry.npmjs.org/balanced-match cache-miss
393 http fetch GET 200 https://registry.npmjs.org/balanced-match 33ms (cache miss)
394 silly packumentCache full:https://registry.npmjs.org/balanced-match set size:undefined disposed:false
395 silly placeDep ROOT balanced-match@1.0.2 OK for: brace-expansion@1.1.12 want: ^1.0.0
396 silly placeDep ROOT concat-map@0.0.1 OK for: brace-expansion@1.1.12 want: 0.0.1
397 silly placeDep ROOT shebang-regex@3.0.0 OK for: shebang-command@2.0.0 want: ^3.0.0
398 silly placeDep ROOT eastasianwidth@0.2.0 OK for: string-width@5.1.2 want: ^0.2.0
399 silly placeDep ROOT emoji-regex@9.2.2 OK for: string-width@5.1.2 want: ^9.2.2
400 silly placeDep ROOT strip-ansi@7.2.0 OK for: string-width@5.1.2 want: ^7.0.1
401 silly fetch manifest ansi-regex@^6.2.2
402 silly packumentCache full:https://registry.npmjs.org/ansi-regex cache-miss
403 http fetch GET 200 https://registry.npmjs.org/ansi-regex 75ms (cache miss)
404 silly packumentCache full:https://registry.npmjs.org/ansi-regex set size:undefined disposed:false
405 silly placeDep ROOT ansi-regex@6.2.2 OK for: strip-ansi@7.2.0 want: ^6.2.2
406 silly placeDep ROOT registry-auth-token@3.3.2 OK for: update-check@1.5.4 want: 3.3.2
407 silly placeDep ROOT registry-url@3.1.0 OK for: update-check@1.5.4 want: 3.1.0
408 silly fetch manifest rc@^1.1.6
409 silly packumentCache full:https://registry.npmjs.org/rc cache-miss
410 http fetch GET 200 https://registry.npmjs.org/rc 48ms (cache miss)
411 silly packumentCache full:https://registry.npmjs.org/rc set size:undefined disposed:false
412 silly fetch manifest rc@^1.0.1
413 silly packumentCache full:https://registry.npmjs.org/rc cache-miss
414 http fetch GET 200 https://registry.npmjs.org/rc 4ms (cache hit)
415 silly packumentCache full:https://registry.npmjs.org/rc set size:70417 disposed:false
416 silly placeDep ROOT rc@1.2.8 OK for: registry-auth-token@3.3.2 want: ^1.1.6
417 silly fetch manifest ini@~1.3.0
418 silly packumentCache full:https://registry.npmjs.org/ini cache-miss
419 http fetch GET 200 https://registry.npmjs.org/ini 28ms (cache miss)
420 silly packumentCache full:https://registry.npmjs.org/ini set size:undefined disposed:false
421 silly fetch manifest minimist@^1.2.0
422 silly packumentCache full:https://registry.npmjs.org/minimist cache-miss
423 http fetch GET 200 https://registry.npmjs.org/minimist 32ms (cache miss)
424 silly packumentCache full:https://registry.npmjs.org/minimist set size:undefined disposed:false
425 silly fetch manifest deep-extend@^0.6.0
426 silly packumentCache full:https://registry.npmjs.org/deep-extend cache-miss
427 http fetch GET 200 https://registry.npmjs.org/deep-extend 46ms (cache miss)
428 silly packumentCache full:https://registry.npmjs.org/deep-extend set size:undefined disposed:false
429 silly fetch manifest strip-json-comments@~2.0.1
430 silly packumentCache full:https://registry.npmjs.org/strip-json-comments cache-miss
431 http fetch GET 200 https://registry.npmjs.org/strip-json-comments 30ms (cache miss)
432 silly packumentCache full:https://registry.npmjs.org/strip-json-comments set size:undefined disposed:false
433 silly placeDep ROOT deep-extend@0.6.0 OK for: rc@1.2.8 want: ^0.6.0
434 silly placeDep ROOT ini@1.3.8 OK for: rc@1.2.8 want: ~1.3.0
435 silly placeDep ROOT minimist@1.2.8 OK for: rc@1.2.8 want: ^1.2.0
436 silly placeDep ROOT strip-json-comments@2.0.1 OK for: rc@1.2.8 want: ~2.0.1
437 silly placeDep ROOT isexe@2.0.0 OK for: which@2.0.2 want: ^2.0.0
438 silly placeDep ROOT ansi-styles@6.2.3 OK for: wrap-ansi@8.1.0 want: ^6.1.0
439 silly placeDep node_modules/ansi-align emoji-regex@8.0.0 OK for: string-width@4.2.3 want: ^8.0.0
440 silly placeDep ROOT is-fullwidth-code-point@3.0.0 OK for: string-width@4.2.3 want: ^3.0.0
441 silly placeDep node_modules/ansi-align strip-ansi@6.0.1 OK for: string-width@4.2.3 want: ^6.0.1
442 silly fetch manifest ansi-regex@^5.0.1
443 silly packumentCache full:https://registry.npmjs.org/ansi-regex cache-miss
444 http fetch GET 200 https://registry.npmjs.org/ansi-regex 4ms (cache hit)
445 silly packumentCache full:https://registry.npmjs.org/ansi-regex set size:43572 disposed:false
446 silly placeDep node_modules/ansi-align ansi-regex@5.0.1 OK for: strip-ansi@6.0.1 want: ^5.0.1
447 silly placeDep node_modules/chalk-template ansi-styles@4.3.0 OK for: chalk@4.1.2 want: ^4.1.0
448 silly placeDep ROOT supports-color@7.2.0 OK for: chalk@4.1.2 want: ^7.1.0
449 silly fetch manifest color-convert@^2.0.1
450 silly packumentCache full:https://registry.npmjs.org/color-convert cache-miss
451 http fetch GET 200 https://registry.npmjs.org/color-convert 52ms (cache miss)
452 silly packumentCache full:https://registry.npmjs.org/color-convert set size:undefined disposed:false
453 silly fetch manifest has-flag@^4.0.0
454 silly packumentCache full:https://registry.npmjs.org/has-flag cache-miss
455 http fetch GET 200 https://registry.npmjs.org/has-flag 30ms (cache miss)
456 silly packumentCache full:https://registry.npmjs.org/has-flag set size:undefined disposed:false
457 silly placeDep ROOT has-flag@4.0.0 OK for: supports-color@7.2.0 want: ^4.0.0
458 silly placeDep ROOT color-convert@2.0.1 OK for: ansi-styles@4.3.0 want: ^2.0.1
459 silly fetch manifest color-name@~1.1.4
460 silly packumentCache full:https://registry.npmjs.org/color-name cache-miss
461 http fetch GET 200 https://registry.npmjs.org/color-name 33ms (cache miss)
462 silly packumentCache full:https://registry.npmjs.org/color-name set size:undefined disposed:false
463 silly placeDep ROOT color-name@1.1.4 OK for: color-convert@2.0.1 want: ~1.1.4
464 silly reify moves {}
465 silly audit bulk request {
465 silly audit   playwright: [ '1.58.2' ],
465 silly audit   serve: [ '14.2.6' ],
465 silly audit   fsevents: [ '2.3.2' ],
465 silly audit   'playwright-core': [ '1.58.2' ],
465 silly audit   '@zeit/schemas': [ '2.36.0' ],
465 silly audit   ajv: [ '8.18.0' ],
465 silly audit   arg: [ '5.0.2' ],
465 silly audit   boxen: [ '7.0.0' ],
465 silly audit   chalk: [ '5.0.1', '4.1.2' ],
465 silly audit   'chalk-template': [ '0.4.0' ],
465 silly audit   clipboardy: [ '3.0.0' ],
465 silly audit   compression: [ '1.8.1' ],
465 silly audit   'is-port-reachable': [ '4.0.0' ],
465 silly audit   'serve-handler': [ '6.1.7' ],
465 silly audit   'update-check': [ '1.5.4' ],
465 silly audit   'fast-deep-equal': [ '3.1.3' ],
465 silly audit   'fast-uri': [ '3.1.0' ],
465 silly audit   'json-schema-traverse': [ '1.0.0' ],
465 silly audit   'require-from-string': [ '2.0.2' ],
465 silly audit   'ansi-align': [ '3.0.1' ],
465 silly audit   camelcase: [ '7.0.1' ],
465 silly audit   'cli-boxes': [ '3.0.0' ],
465 silly audit   'string-width': [ '5.1.2', '4.2.3' ],
465 silly audit   'type-fest': [ '2.19.0' ],
465 silly audit   'widest-line': [ '4.0.1' ],
465 silly audit   'wrap-ansi': [ '8.1.0' ],
465 silly audit   arch: [ '2.2.0' ],
465 silly audit   execa: [ '5.1.1' ],
465 silly audit   'is-wsl': [ '2.2.0' ],
465 silly audit   bytes: [ '3.1.2', '3.0.0' ],
465 silly audit   compressible: [ '2.0.18' ],
465 silly audit   debug: [ '2.6.9' ],
465 silly audit   negotiator: [ '0.6.4' ],
465 silly audit   'on-headers': [ '1.1.0' ],
465 silly audit   'safe-buffer': [ '5.2.1' ],
465 silly audit   vary: [ '1.1.2' ],
465 silly audit   'mime-db': [ '1.54.0', '1.33.0' ],
465 silly audit   ms: [ '2.0.0' ],
465 silly audit   'cross-spawn': [ '7.0.6' ],
465 silly audit   'get-stream': [ '6.0.1' ],
465 silly audit   'human-signals': [ '2.1.0' ],
465 silly audit   'is-stream': [ '2.0.1' ],
465 silly audit   'merge-stream': [ '2.0.0' ],
465 silly audit   'npm-run-path': [ '4.0.1' ],
465 silly audit   onetime: [ '5.1.2' ],
465 silly audit   'signal-exit': [ '3.0.7' ],
465 silly audit   'strip-final-newline': [ '2.0.0' ],
465 silly audit   'path-key': [ '3.1.1' ],
465 silly audit   'shebang-command': [ '2.0.0' ],
465 silly audit   which: [ '2.0.2' ],
465 silly audit   'is-docker': [ '2.2.1' ],
465 silly audit   'mimic-fn': [ '2.1.0' ],
465 silly audit   'content-disposition': [ '0.5.2' ],
465 silly audit   'mime-types': [ '2.1.18' ],
465 silly audit   minimatch: [ '3.1.5' ],
465 silly audit   'path-is-inside': [ '1.0.2' ],
465 silly audit   'path-to-regexp': [ '3.3.0' ],
465 silly audit   'range-parser': [ '1.2.0' ],
465 silly audit   'brace-expansion': [ '1.1.12' ],
465 silly audit   'balanced-match': [ '1.0.2' ],
465 silly audit   'concat-map': [ '0.0.1' ],
465 silly audit   'shebang-regex': [ '3.0.0' ],
465 silly audit   eastasianwidth: [ '0.2.0' ],
465 silly audit   'emoji-regex': [ '9.2.2', '8.0.0' ],
465 silly audit   'strip-ansi': [ '7.2.0', '6.0.1' ],
465 silly audit   'ansi-regex': [ '6.2.2', '5.0.1' ],
465 silly audit   'registry-auth-token': [ '3.3.2' ],
465 silly audit   'registry-url': [ '3.1.0' ],
465 silly audit   rc: [ '1.2.8' ],
465 silly audit   'deep-extend': [ '0.6.0' ],
465 silly audit   ini: [ '1.3.8' ],
465 silly audit   minimist: [ '1.2.8' ],
465 silly audit   'strip-json-comments': [ '2.0.1' ],
465 silly audit   isexe: [ '2.0.0' ],
465 silly audit   'ansi-styles': [ '6.2.3', '4.3.0' ],
465 silly audit   'is-fullwidth-code-point': [ '3.0.0' ],
465 silly audit   'supports-color': [ '7.2.0' ],
465 silly audit   'has-flag': [ '4.0.0' ],
465 silly audit   'color-convert': [ '2.0.1' ],
465 silly audit   'color-name': [ '1.1.4' ]
465 silly audit }
466 verbose reify failed optional dependency /tmp/agent_workspace/46e02748-3386-4ed7-a1ae-df465b9ccabf/aigen-1773616471828/node_modules/fsevents
467 silly reify mark deleted [
467 silly reify   '/tmp/agent_workspace/46e02748-3386-4ed7-a1ae-df465b9ccabf/aigen-1773616471828/node_modules/fsevents'
467 silly reify ]
468 silly tarball no local data for color-name@https://registry.npmjs.org/color-name/-/color-name-1.1.4.tgz. Extracting by manifest.
469 silly tarball no local data for color-convert@https://registry.npmjs.org/color-convert/-/color-convert-2.0.1.tgz. Extracting by manifest.
470 silly tarball no local data for has-flag@https://registry.npmjs.org/has-flag/-/has-flag-4.0.0.tgz. Extracting by manifest.
471 silly tarball no local data for supports-color@https://registry.npmjs.org/supports-color/-/supports-color-7.2.0.tgz. Extracting by manifest.
472 silly tarball no local data for is-fullwidth-code-point@https://registry.npmjs.org/is-fullwidth-code-point/-/is-fullwidth-code-point-3.0.0.tgz. Extracting by manifest.
473 silly tarball no local data for ansi-styles@https://registry.npmjs.org/ansi-styles/-/ansi-styles-6.2.3.tgz. Extracting by manifest.
474 silly tarball no local data for isexe@https://registry.npmjs.org/isexe/-/isexe-2.0.0.tgz. Extracting by manifest.
475 silly tarball no local data for strip-json-comments@https://registry.npmjs.org/strip-json-comments/-/strip-json-comments-2.0.1.tgz. Extracting by manifest.
476 silly tarball no local data for minimist@https://registry.npmjs.org/minimist/-/minimist-1.2.8.tgz. Extracting by manifest.
477 silly tarball no local data for ini@https://registry.npmjs.org/ini/-/ini-1.3.8.tgz. Extracting by manifest.
478 silly tarball no local data for deep-extend@https://registry.npmjs.org/deep-extend/-/deep-extend-0.6.0.tgz. Extracting by manifest.
479 silly tarball no local data for rc@https://registry.npmjs.org/rc/-/rc-1.2.8.tgz. Extracting by manifest.
480 silly tarball no local data for registry-url@https://registry.npmjs.org/registry-url/-/registry-url-3.1.0.tgz. Extracting by manifest.
481 silly tarball no local data for registry-auth-token@https://registry.npmjs.org/registry-auth-token/-/registry-auth-token-3.3.2.tgz. Extracting by manifest.
482 silly tarball no local data for ansi-regex@https://registry.npmjs.org/ansi-regex/-/ansi-regex-6.2.2.tgz. Extracting by manifest.
483 silly tarball no local data for strip-ansi@https://registry.npmjs.org/strip-ansi/-/strip-ansi-7.2.0.tgz. Extracting by manifest.
484 silly tarball no local data for emoji-regex@https://registry.npmjs.org/emoji-regex/-/emoji-regex-9.2.2.tgz. Extracting by manifest.
485 silly tarball no local data for eastasianwidth@https://registry.npmjs.org/eastasianwidth/-/eastasianwidth-0.2.0.tgz. Extracting by manifest.
486 silly tarball no local data for shebang-regex@https://registry.npmjs.org/shebang-regex/-/shebang-regex-3.0.0.tgz. Extracting by manifest.
487 silly tarball no local data for concat-map@https://registry.npmjs.org/concat-map/-/concat-map-0.0.1.tgz. Extracting by manifest.
488 silly tarball no local data for balanced-match@https://registry.npmjs.org/balanced-match/-/balanced-match-1.0.2.tgz. Extracting by manifest.
489 silly tarball no local data for brace-expansion@https://registry.npmjs.org/brace-expansion/-/brace-expansion-1.1.12.tgz. Extracting by manifest.
490 silly tarball no local data for range-parser@https://registry.npmjs.org/range-parser/-/range-parser-1.2.0.tgz. Extracting by manifest.
491 silly tarball no local data for path-to-regexp@https://registry.npmjs.org/path-to-regexp/-/path-to-regexp-3.3.0.tgz. Extracting by manifest.
492 silly tarball no local data for path-is-inside@https://registry.npmjs.org/path-is-inside/-/path-is-inside-1.0.2.tgz. Extracting by manifest.
493 silly tarball no local data for minimatch@https://registry.npmjs.org/minimatch/-/minimatch-3.1.5.tgz. Extracting by manifest.
494 silly tarball no local data for mime-types@https://registry.npmjs.org/mime-types/-/mime-types-2.1.18.tgz. Extracting by manifest.
495 silly tarball no local data for content-disposition@https://registry.npmjs.org/content-disposition/-/content-disposition-0.5.2.tgz. Extracting by manifest.
496 silly tarball no local data for mimic-fn@https://registry.npmjs.org/mimic-fn/-/mimic-fn-2.1.0.tgz. Extracting by manifest.
497 silly tarball no local data for is-docker@https://registry.npmjs.org/is-docker/-/is-docker-2.2.1.tgz. Extracting by manifest.
498 silly tarball no local data for which@https://registry.npmjs.org/which/-/which-2.0.2.tgz. Extracting by manifest.
499 silly tarball no local data for shebang-command@https://registry.npmjs.org/shebang-command/-/shebang-command-2.0.0.tgz. Extracting by manifest.
500 silly tarball no local data for path-key@https://registry.npmjs.org/path-key/-/path-key-3.1.1.tgz. Extracting by manifest.
501 silly tarball no local data for strip-final-newline@https://registry.npmjs.org/strip-final-newline/-/strip-final-newline-2.0.0.tgz. Extracting by manifest.
502 silly tarball no local data for signal-exit@https://registry.npmjs.org/signal-exit/-/signal-exit-3.0.7.tgz. Extracting by manifest.
503 silly tarball no local data for onetime@https://registry.npmjs.org/onetime/-/onetime-5.1.2.tgz. Extracting by manifest.
504 silly tarball no local data for npm-run-path@https://registry.npmjs.org/npm-run-path/-/npm-run-path-4.0.1.tgz. Extracting by manifest.
505 silly tarball no local data for merge-stream@https://registry.npmjs.org/merge-stream/-/merge-stream-2.0.0.tgz. Extracting by manifest.
506 silly tarball no local data for is-stream@https://registry.npmjs.org/is-stream/-/is-stream-2.0.1.tgz. Extracting by manifest.
507 silly tarball no local data for human-signals@https://registry.npmjs.org/human-signals/-/human-signals-2.1.0.tgz. Extracting by manifest.
508 silly tarball no local data for get-stream@https://registry.npmjs.org/get-stream/-/get-stream-6.0.1.tgz. Extracting by manifest.
509 silly tarball no local data for cross-spawn@https://registry.npmjs.org/cross-spawn/-/cross-spawn-7.0.6.tgz. Extracting by manifest.
510 silly tarball no local data for ms@https://registry.npmjs.org/ms/-/ms-2.0.0.tgz. Extracting by manifest.
511 silly tarball no local data for mime-db@https://registry.npmjs.org/mime-db/-/mime-db-1.54.0.tgz. Extracting by manifest.
512 silly tarball no local data for vary@https://registry.npmjs.org/vary/-/vary-1.1.2.tgz. Extracting by manifest.
513 silly tarball no local data for safe-buffer@https://registry.npmjs.org/safe-buffer/-/safe-buffer-5.2.1.tgz. Extracting by manifest.
514 silly tarball no local data for on-headers@https://registry.npmjs.org/on-headers/-/on-headers-1.1.0.tgz. Extracting by manifest.
515 silly tarball no local data for negotiator@https://registry.npmjs.org/negotiator/-/negotiator-0.6.4.tgz. Extracting by manifest.
516 silly tarball no local data for debug@https://registry.npmjs.org/debug/-/debug-2.6.9.tgz. Extracting by manifest.
517 silly tarball no local data for compressible@https://registry.npmjs.org/compressible/-/compressible-2.0.18.tgz. Extracting by manifest.
518 silly tarball no local data for bytes@https://registry.npmjs.org/bytes/-/bytes-3.1.2.tgz. Extracting by manifest.
519 silly tarball no local data for is-wsl@https://registry.npmjs.org/is-wsl/-/is-wsl-2.2.0.tgz. Extracting by manifest.
520 silly tarball no local data for execa@https://registry.npmjs.org/execa/-/execa-5.1.1.tgz. Extracting by manifest.
521 silly tarball no local data for arch@https://registry.npmjs.org/arch/-/arch-2.2.0.tgz. Extracting by manifest.
522 silly tarball no local data for wrap-ansi@https://registry.npmjs.org/wrap-ansi/-/wrap-ansi-8.1.0.tgz. Extracting by manifest.
523 silly tarball no local data for widest-line@https://registry.npmjs.org/widest-line/-/widest-line-4.0.1.tgz. Extracting by manifest.
524 silly tarball no local data for type-fest@https://registry.npmjs.org/type-fest/-/type-fest-2.19.0.tgz. Extracting by manifest.
525 silly tarball no local data for string-width@https://registry.npmjs.org/string-width/-/string-width-5.1.2.tgz. Extracting by manifest.
526 silly tarball no local data for cli-boxes@https://registry.npmjs.org/cli-boxes/-/cli-boxes-3.0.0.tgz. Extracting by manifest.
527 silly tarball no local data for camelcase@https://registry.npmjs.org/camelcase/-/camelcase-7.0.1.tgz. Extracting by manifest.
528 silly tarball no local data for ansi-align@https://registry.npmjs.org/ansi-align/-/ansi-align-3.0.1.tgz. Extracting by manifest.
529 silly tarball no local data for require-from-string@https://registry.npmjs.org/require-from-string/-/require-from-string-2.0.2.tgz. Extracting by manifest.
530 silly tarball no local data for json-schema-traverse@https://registry.npmjs.org/json-schema-traverse/-/json-schema-traverse-1.0.0.tgz. Extracting by manifest.
531 silly tarball no local data for fast-uri@https://registry.npmjs.org/fast-uri/-/fast-uri-3.1.0.tgz. Extracting by manifest.
532 silly tarball no local data for fast-deep-equal@https://registry.npmjs.org/fast-deep-equal/-/fast-deep-equal-3.1.3.tgz. Extracting by manifest.
533 silly tarball no local data for update-check@https://registry.npmjs.org/update-check/-/update-check-1.5.4.tgz. Extracting by manifest.
534 silly tarball no local data for serve-handler@https://registry.npmjs.org/serve-handler/-/serve-handler-6.1.7.tgz. Extracting by manifest.
535 silly tarball no local data for is-port-reachable@https://registry.npmjs.org/is-port-reachable/-/is-port-reachable-4.0.0.tgz. Extracting by manifest.
536 silly tarball no local data for compression@https://registry.npmjs.org/compression/-/compression-1.8.1.tgz. Extracting by manifest.
537 silly tarball no local data for clipboardy@https://registry.npmjs.org/clipboardy/-/clipboardy-3.0.0.tgz. Extracting by manifest.
538 silly tarball no local data for chalk-template@https://registry.npmjs.org/chalk-template/-/chalk-template-0.4.0.tgz. Extracting by manifest.
539 silly tarball no local data for chalk@https://registry.npmjs.org/chalk/-/chalk-5.0.1.tgz. Extracting by manifest.
540 silly tarball no local data for boxen@https://registry.npmjs.org/boxen/-/boxen-7.0.0.tgz. Extracting by manifest.
541 silly tarball no local data for arg@https://registry.npmjs.org/arg/-/arg-5.0.2.tgz. Extracting by manifest.
542 silly tarball no local data for ajv@https://registry.npmjs.org/ajv/-/ajv-8.18.0.tgz. Extracting by manifest.
543 silly tarball no local data for @zeit/schemas@https://registry.npmjs.org/@zeit/schemas/-/schemas-2.36.0.tgz. Extracting by manifest.
544 silly tarball no local data for playwright-core@https://registry.npmjs.org/playwright-core/-/playwright-core-1.58.2.tgz. Extracting by manifest.
545 silly tarball no local data for serve@https://registry.npmjs.org/serve/-/serve-14.2.6.tgz. Extracting by manifest.
546 silly tarball no local data for playwright@https://registry.npmjs.org/playwright/-/playwright-1.58.2.tgz. Extracting by manifest.
547 silly tarball no local data for mime-db@https://registry.npmjs.org/mime-db/-/mime-db-1.33.0.tgz. Extracting by manifest.
548 silly tarball no local data for ansi-regex@https://registry.npmjs.org/ansi-regex/-/ansi-regex-5.0.1.tgz. Extracting by manifest.
549 silly tarball no local data for strip-ansi@https://registry.npmjs.org/strip-ansi/-/strip-ansi-6.0.1.tgz. Extracting by manifest.
550 silly tarball no local data for emoji-regex@https://registry.npmjs.org/emoji-regex/-/emoji-regex-8.0.0.tgz. Extracting by manifest.
551 silly tarball no local data for string-width@https://registry.npmjs.org/string-width/-/string-width-4.2.3.tgz. Extracting by manifest.
552 silly tarball no local data for bytes@https://registry.npmjs.org/bytes/-/bytes-3.0.0.tgz. Extracting by manifest.
553 silly tarball no local data for ansi-styles@https://registry.npmjs.org/ansi-styles/-/ansi-styles-4.3.0.tgz. Extracting by manifest.
554 silly tarball no local data for chalk@https://registry.npmjs.org/chalk/-/chalk-4.1.2.tgz. Extracting by manifest.
555 http fetch POST 200 https://registry.npmjs.org/-/npm/v1/security/advisories/bulk 213ms
556 silly audit report {}
557 http fetch GET 200 https://registry.npmjs.org/ansi-regex/-/ansi-regex-6.2.2.tgz 435ms (cache miss)
558 http fetch GET 200 https://registry.npmjs.org/strip-json-comments/-/strip-json-comments-2.0.1.tgz 609ms (cache miss)
559 http fetch GET 200 https://registry.npmjs.org/isexe/-/isexe-2.0.0.tgz 647ms (cache miss)
560 http fetch GET 200 https://registry.npmjs.org/supports-color/-/supports-color-7.2.0.tgz 650ms (cache miss)
561 http fetch GET 200 https://registry.npmjs.org/color-name/-/color-name-1.1.4.tgz 653ms (cache miss)
562 http fetch GET 200 https://registry.npmjs.org/is-fullwidth-code-point/-/is-fullwidth-code-point-3.0.0.tgz 650ms (cache miss)
563 http fetch GET 200 https://registry.npmjs.org/registry-url/-/registry-url-3.1.0.tgz 654ms (cache miss)
564 http fetch GET 200 https://registry.npmjs.org/strip-ansi/-/strip-ansi-7.2.0.tgz 653ms (cache miss)
565 http fetch GET 200 https://registry.npmjs.org/eastasianwidth/-/eastasianwidth-0.2.0.tgz 652ms (cache miss)
566 http fetch GET 200 https://registry.npmjs.org/concat-map/-/concat-map-0.0.1.tgz 660ms (cache miss)
567 http fetch GET 200 https://registry.npmjs.org/path-is-inside/-/path-is-inside-1.0.2.tgz 657ms (cache miss)
568 http fetch GET 200 https://registry.npmjs.org/is-docker/-/is-docker-2.2.1.tgz 655ms (cache miss)
569 http fetch GET 200 https://registry.npmjs.org/ansi-styles/-/ansi-styles-6.2.3.tgz 680ms (cache miss)
570 http fetch GET 200 https://registry.npmjs.org/deep-extend/-/deep-extend-0.6.0.tgz 676ms (cache miss)
571 http fetch GET 200 https://registry.npmjs.org/range-parser/-/range-parser-1.2.0.tgz 668ms (cache miss)
572 http fetch GET 200 https://registry.npmjs.org/has-flag/-/has-flag-4.0.0.tgz 683ms (cache miss)
573 http fetch GET 200 https://registry.npmjs.org/mimic-fn/-/mimic-fn-2.1.0.tgz 665ms (cache miss)
574 http fetch GET 200 https://registry.npmjs.org/strip-final-newline/-/strip-final-newline-2.0.0.tgz 662ms (cache miss)
575 http fetch GET 200 https://registry.npmjs.org/is-stream/-/is-stream-2.0.1.tgz 652ms (cache miss)
576 http fetch GET 200 https://registry.npmjs.org/ini/-/ini-1.3.8.tgz 687ms (cache miss)
577 http fetch GET 200 https://registry.npmjs.org/balanced-match/-/balanced-match-1.0.2.tgz 679ms (cache miss)
578 http fetch GET 200 https://registry.npmjs.org/shebang-regex/-/shebang-regex-3.0.0.tgz 680ms (cache miss)
579 http fetch GET 200 https://registry.npmjs.org/brace-expansion/-/brace-expansion-1.1.12.tgz 679ms (cache miss)
580 http fetch GET 200 https://registry.npmjs.org/shebang-command/-/shebang-command-2.0.0.tgz 672ms (cache miss)
581 http fetch GET 200 https://registry.npmjs.org/content-disposition/-/content-disposition-0.5.2.tgz 675ms (cache miss)
582 http fetch GET 200 https://registry.npmjs.org/onetime/-/onetime-5.1.2.tgz 670ms (cache miss)
583 http fetch GET 200 https://registry.npmjs.org/which/-/which-2.0.2.tgz 690ms (cache miss)
584 http fetch GET 200 https://registry.npmjs.org/npm-run-path/-/npm-run-path-4.0.1.tgz 679ms (cache miss)
585 http fetch GET 200 https://registry.npmjs.org/path-to-regexp/-/path-to-regexp-3.3.0.tgz 701ms (cache miss)
586 http fetch GET 200 https://registry.npmjs.org/path-key/-/path-key-3.1.1.tgz 696ms (cache miss)
587 http fetch GET 200 https://registry.npmjs.org/is-wsl/-/is-wsl-2.2.0.tgz 676ms (cache miss)
588 http fetch GET 200 https://registry.npmjs.org/rc/-/rc-1.2.8.tgz 715ms (cache miss)
589 http fetch GET 200 https://registry.npmjs.org/mime-types/-/mime-types-2.1.18.tgz 705ms (cache miss)
590 http fetch GET 200 https://registry.npmjs.org/signal-exit/-/signal-exit-3.0.7.tgz 700ms (cache miss)
591 http fetch GET 200 https://registry.npmjs.org/merge-stream/-/merge-stream-2.0.0.tgz 691ms (cache miss)
592 http fetch GET 200 https://registry.npmjs.org/vary/-/vary-1.1.2.tgz 687ms (cache miss)
593 http fetch GET 200 https://registry.npmjs.org/on-headers/-/on-headers-1.1.0.tgz 686ms (cache miss)
594 http fetch GET 200 https://registry.npmjs.org/bytes/-/bytes-3.1.2.tgz 683ms (cache miss)
595 http fetch GET 200 https://registry.npmjs.org/compressible/-/compressible-2.0.18.tgz 685ms (cache miss)
596 http fetch GET 200 https://registry.npmjs.org/arch/-/arch-2.2.0.tgz 682ms (cache miss)
597 http fetch GET 200 https://registry.npmjs.org/is-port-reachable/-/is-port-reachable-4.0.0.tgz 663ms (cache miss)
598 http fetch GET 200 https://registry.npmjs.org/require-from-string/-/require-from-string-2.0.2.tgz 669ms (cache miss)
599 http fetch GET 200 https://registry.npmjs.org/get-stream/-/get-stream-6.0.1.tgz 696ms (cache miss)
600 http fetch GET 200 https://registry.npmjs.org/ms/-/ms-2.0.0.tgz 695ms (cache miss)
601 http fetch GET 200 https://registry.npmjs.org/widest-line/-/widest-line-4.0.1.tgz 685ms (cache miss)
602 http fetch GET 200 https://registry.npmjs.org/cli-boxes/-/cli-boxes-3.0.0.tgz 684ms (cache miss)
603 http fetch GET 200 https://registry.npmjs.org/color-convert/-/color-convert-2.0.1.tgz 735ms (cache miss)
604 http fetch GET 200 https://registry.npmjs.org/ansi-align/-/ansi-align-3.0.1.tgz 677ms (cache miss)
605 http fetch GET 200 https://registry.npmjs.org/mime-db/-/mime-db-1.54.0.tgz 702ms (cache miss)
606 http fetch GET 200 https://registry.npmjs.org/wrap-ansi/-/wrap-ansi-8.1.0.tgz 695ms (cache miss)
607 http fetch GET 200 https://registry.npmjs.org/camelcase/-/camelcase-7.0.1.tgz 682ms (cache miss)
608 http fetch GET 200 https://registry.npmjs.org/fast-deep-equal/-/fast-deep-equal-3.1.3.tgz 679ms (cache miss)
609 http fetch GET 200 https://registry.npmjs.org/ansi-regex/-/ansi-regex-5.0.1.tgz 670ms (cache miss)
610 http fetch GET 200 https://registry.npmjs.org/strip-ansi/-/strip-ansi-6.0.1.tgz 669ms (cache miss)
611 http fetch GET 200 https://registry.npmjs.org/string-width/-/string-width-5.1.2.tgz 696ms (cache miss)
612 http fetch GET 200 https://registry.npmjs.org/chalk-template/-/chalk-template-0.4.0.tgz 680ms (cache miss)
613 http fetch GET 200 https://registry.npmjs.org/cross-spawn/-/cross-spawn-7.0.6.tgz 712ms (cache miss)
614 http fetch GET 200 https://registry.npmjs.org/update-check/-/update-check-1.5.4.tgz 687ms (cache miss)
615 http fetch GET 200 https://registry.npmjs.org/arg/-/arg-5.0.2.tgz 684ms (cache miss)
616 http fetch GET 200 https://registry.npmjs.org/minimatch/-/minimatch-3.1.5.tgz 735ms (cache miss)
617 http fetch GET 200 https://registry.npmjs.org/boxen/-/boxen-7.0.0.tgz 687ms (cache miss)
618 http fetch GET 200 https://registry.npmjs.org/emoji-regex/-/emoji-regex-9.2.2.tgz 745ms (cache miss)
619 http fetch GET 200 https://registry.npmjs.org/ansi-styles/-/ansi-styles-4.3.0.tgz 683ms (cache miss)
620 http fetch GET 200 https://registry.npmjs.org/string-width/-/string-width-4.2.3.tgz 685ms (cache miss)
621 http fetch GET 200 https://registry.npmjs.org/bytes/-/bytes-3.0.0.tgz 685ms (cache miss)
622 http fetch GET 200 https://registry.npmjs.org/emoji-regex/-/emoji-regex-8.0.0.tgz 688ms (cache miss)
623 http fetch GET 200 https://registry.npmjs.org/safe-buffer/-/safe-buffer-5.2.1.tgz 724ms (cache miss)
624 http fetch GET 200 https://registry.npmjs.org/negotiator/-/negotiator-0.6.4.tgz 734ms (cache miss)
625 http fetch GET 200 https://registry.npmjs.org/json-schema-traverse/-/json-schema-traverse-1.0.0.tgz 714ms (cache miss)
626 http fetch GET 200 https://registry.npmjs.org/serve/-/serve-14.2.6.tgz 705ms (cache miss)
627 http fetch GET 200 https://registry.npmjs.org/compression/-/compression-1.8.1.tgz 721ms (cache miss)
628 http fetch GET 200 https://registry.npmjs.org/registry-auth-token/-/registry-auth-token-3.3.2.tgz 778ms (cache miss)
629 http fetch GET 200 https://registry.npmjs.org/mime-db/-/mime-db-1.33.0.tgz 715ms (cache miss)
630 http fetch GET 200 https://registry.npmjs.org/serve-handler/-/serve-handler-6.1.7.tgz 726ms (cache miss)
631 http fetch GET 200 https://registry.npmjs.org/chalk/-/chalk-5.0.1.tgz 722ms (cache miss)
632 http fetch GET 200 https://registry.npmjs.org/human-signals/-/human-signals-2.1.0.tgz 757ms (cache miss)
633 http fetch GET 200 https://registry.npmjs.org/chalk/-/chalk-4.1.2.tgz 714ms (cache miss)
634 http fetch GET 200 https://registry.npmjs.org/@zeit/schemas/-/schemas-2.36.0.tgz 723ms (cache miss)
635 http fetch GET 200 https://registry.npmjs.org/minimist/-/minimist-1.2.8.tgz 789ms (cache miss)
636 http fetch GET 200 https://registry.npmjs.org/execa/-/execa-5.1.1.tgz 752ms (cache miss)
637 http fetch GET 200 https://registry.npmjs.org/debug/-/debug-2.6.9.tgz 760ms (cache miss)
638 http fetch GET 200 https://registry.npmjs.org/fast-uri/-/fast-uri-3.1.0.tgz 774ms (cache miss)
639 http fetch GET 200 https://registry.npmjs.org/clipboardy/-/clipboardy-3.0.0.tgz 803ms (cache miss)
640 http fetch GET 200 https://registry.npmjs.org/type-fest/-/type-fest-2.19.0.tgz 835ms (cache miss)
641 http fetch GET 200 https://registry.npmjs.org/playwright/-/playwright-1.58.2.tgz 1038ms (cache miss)
642 http fetch GET 200 https://registry.npmjs.org/ajv/-/ajv-8.18.0.tgz 1083ms (cache miss)
643 http fetch GET 200 https://registry.npmjs.org/playwright-core/-/playwright-core-1.58.2.tgz 1180ms (cache miss)
644 silly ADD node_modules/color-name
645 silly ADD node_modules/color-convert
646 silly ADD node_modules/has-flag
647 silly ADD node_modules/supports-color
648 silly ADD node_modules/is-fullwidth-code-point
649 silly ADD node_modules/ansi-styles
650 silly ADD node_modules/isexe
651 silly ADD node_modules/strip-json-comments
652 silly ADD node_modules/minimist
653 silly ADD node_modules/ini
654 silly ADD node_modules/deep-extend
655 silly ADD node_modules/rc
656 silly ADD node_modules/registry-url
657 silly ADD node_modules/registry-auth-token
658 silly ADD node_modules/ansi-regex
659 silly ADD node_modules/strip-ansi
660 silly ADD node_modules/emoji-regex
661 silly ADD node_modules/eastasianwidth
662 silly ADD node_modules/shebang-regex
663 silly ADD node_modules/concat-map
664 silly ADD node_modules/balanced-match
665 silly ADD node_modules/brace-expansion
666 silly ADD node_modules/range-parser
667 silly ADD node_modules/path-to-regexp
668 silly ADD node_modules/path-is-inside
669 silly ADD node_modules/minimatch
670 silly ADD node_modules/mime-types
671 silly ADD node_modules/mime-types/node_modules/mime-db
672 silly ADD node_modules/content-disposition
673 silly ADD node_modules/mimic-fn
674 silly ADD node_modules/is-docker
675 silly ADD node_modules/which
676 silly ADD node_modules/shebang-command
677 silly ADD node_modules/path-key
678 silly ADD node_modules/strip-final-newline
679 silly ADD node_modules/signal-exit
680 silly ADD node_modules/onetime
681 silly ADD node_modules/npm-run-path
682 silly ADD node_modules/merge-stream
683 silly ADD node_modules/is-stream
684 silly ADD node_modules/human-signals
685 silly ADD node_modules/get-stream
686 silly ADD node_modules/cross-spawn
687 silly ADD node_modules/ms
688 silly ADD node_modules/mime-db
689 silly ADD node_modules/vary
690 silly ADD node_modules/safe-buffer
691 silly ADD node_modules/on-headers
692 silly ADD node_modules/negotiator
693 silly ADD node_modules/debug
694 silly ADD node_modules/compressible
695 silly ADD node_modules/bytes
696 silly ADD node_modules/is-wsl
697 silly ADD node_modules/execa
698 silly ADD node_modules/arch
699 silly ADD node_modules/wrap-ansi
700 silly ADD node_modules/widest-line
701 silly ADD node_modules/type-fest
702 silly ADD node_modules/string-width
703 silly ADD node_modules/cli-boxes
704 silly ADD node_modules/camelcase
705 silly ADD node_modules/ansi-align
706 silly ADD node_modules/ansi-align/node_modules/ansi-regex
707 silly ADD node_modules/ansi-align/node_modules/strip-ansi
708 silly ADD node_modules/ansi-align/node_modules/emoji-regex
709 silly ADD node_modules/ansi-align/node_modules/string-width
710 silly ADD node_modules/require-from-string
711 silly ADD node_modules/json-schema-traverse
712 silly ADD node_modules/fast-uri
713 silly ADD node_modules/fast-deep-equal
714 silly ADD node_modules/update-check
715 silly ADD node_modules/serve-handler
716 silly ADD node_modules/serve-handler/node_modules/bytes
717 silly ADD node_modules/is-port-reachable
718 silly ADD node_modules/compression
719 silly ADD node_modules/clipboardy
720 silly ADD node_modules/chalk-template
721 silly ADD node_modules/chalk-template/node_modules/ansi-styles
722 silly ADD node_modules/chalk-template/node_modules/chalk
723 silly ADD node_modules/chalk
724 silly ADD node_modules/boxen
725 silly ADD node_modules/arg
726 silly ADD node_modules/ajv
727 silly ADD node_modules/@zeit/schemas
728 silly ADD node_modules/playwright-core
729 silly ADD
730 silly ADD node_modules/serve
731 silly ADD node_modules/playwright
732 verbose cwd /tmp/agent_workspace/46e02748-3386-4ed7-a1ae-df465b9ccabf/aigen-1773616471828
733 verbose os Linux 5.10.248-247.988.amzn2.x86_64
734 verbose node v20.20.0
735 verbose npm  v10.8.2
736 verbose exit 0
737 info ok
